<?xml version="1.0" encoding="UTF-8"?>
<testng-results skipped="0" failed="0" ignored="0" total="2" passed="2">
  <reporter-output>
  </reporter-output>
  <suite name="sampleTest" duration-ms="8853" started-at="2019-05-31T23:38:41Z" finished-at="2019-05-31T23:38:50Z">
    <groups>
    </groups>
    <test name="basicTest" duration-ms="8853" started-at="2019-05-31T23:38:41Z" finished-at="2019-05-31T23:38:50Z">
      <class name="testcases.FirstTest">
        <test-method status="PASS" signature="_InitDriver()[pri:0, instance:testcases.FirstTest@68a4dcc6]" name="_InitDriver" is-config="true" duration-ms="4215" started-at="2019-05-31T23:38:41Z" finished-at="2019-05-31T23:38:46Z">
          <reporter-output>
          </reporter-output>
        </test-method> <!-- _InitDriver -->
        <test-method status="PASS" signature="basicTest()[pri:0, instance:testcases.FirstTest@68a4dcc6]" name="basicTest" duration-ms="0" started-at="2019-05-31T23:38:46Z" finished-at="2019-05-31T23:38:46Z">
          <reporter-output>
          </reporter-output>
        </test-method> <!-- basicTest -->
        <test-method status="PASS" signature="homePageTest()[pri:0, instance:testcases.FirstTest@68a4dcc6]" name="homePageTest" duration-ms="3692" started-at="2019-05-31T23:38:46Z" finished-at="2019-05-31T23:38:49Z">
          <reporter-output>
          </reporter-output>
        </test-method> <!-- homePageTest -->
        <test-method status="PASS" signature="_DestroyDriver()[pri:0, instance:testcases.FirstTest@68a4dcc6]" name="_DestroyDriver" is-config="true" duration-ms="917" started-at="2019-05-31T23:38:49Z" finished-at="2019-05-31T23:38:50Z">
          <reporter-output>
          </reporter-output>
        </test-method> <!-- _DestroyDriver -->
      </class> <!-- testcases.FirstTest -->
    </test> <!-- basicTest -->
  </suite> <!-- sampleTest -->
</testng-results>
